{"C:\\Users\\nacho\\OneDrive\\Escritorio\\DESA\\UTN-DS25-Grupo4\\backend\\src\\services\\complejo.service.ts": {"path":"C:\\Users\\nacho\\OneDrive\\Escritorio\\DESA\\UTN-DS25-Grupo4\\backend\\src\\services\\complejo.service.ts","statementMap":{"0":{"start":{"line":297,"column":0},"end":{"line":297,"column":7}},"1":{"start":{"line":1,"column":0},"end":{"line":1,"column":38}},"2":{"start":{"line":5,"column":30},"end":{"line":31,"column":1}},"3":{"start":{"line":6,"column":59},"end":{"line":6,"column":63}},"4":{"start":{"line":8,"column":2},"end":{"line":30,"column":5}},"5":{"start":{"line":10,"column":27},"end":{"line":16,"column":6}},"6":{"start":{"line":19,"column":26},"end":{"line":27,"column":6}},"7":{"start":{"line":29,"column":4},"end":{"line":29,"column":25}},"8":{"start":{"line":5,"column":13},"end":{"line":5,"column":30}},"9":{"start":{"line":33,"column":30},"end":{"line":92,"column":1}},"10":{"start":{"line":34,"column":2},"end":{"line":34,"column":49}},"11":{"start":{"line":35,"column":2},"end":{"line":35,"column":25}},"12":{"start":{"line":36,"column":2},"end":{"line":36,"column":38}},"13":{"start":{"line":38,"column":2},"end":{"line":91,"column":3}},"14":{"start":{"line":40,"column":43},"end":{"line":40,"column":47}},"15":{"start":{"line":43,"column":21},"end":{"line":46,"column":6}},"16":{"start":{"line":48,"column":4},"end":{"line":48,"column":73}},"17":{"start":{"line":51,"column":4},"end":{"line":84,"column":5}},"18":{"start":{"line":52,"column":6},"end":{"line":52,"column":59}},"19":{"start":{"line":53,"column":6},"end":{"line":53,"column":87}},"20":{"start":{"line":54,"column":6},"end":{"line":54,"column":75}},"21":{"start":{"line":57,"column":6},"end":{"line":59,"column":7}},"22":{"start":{"line":58,"column":8},"end":{"line":58,"column":55}},"23":{"start":{"line":62,"column":27},"end":{"line":62,"column":80}},"24":{"start":{"line":62,"column":49},"end":{"line":62,"column":79}},"25":{"start":{"line":63,"column":6},"end":{"line":63,"column":63}},"26":{"start":{"line":66,"column":22},"end":{"line":68,"column":8}},"27":{"start":{"line":69,"column":6},"end":{"line":69,"column":75}},"28":{"start":{"line":72,"column":6},"end":{"line":81,"column":7}},"29":{"start":{"line":73,"column":24},"end":{"line":79,"column":10}},"30":{"start":{"line":74,"column":48},"end":{"line":78,"column":12}},"31":{"start":{"line":80,"column":8},"end":{"line":80,"column":68}},"32":{"start":{"line":83,"column":6},"end":{"line":83,"column":60}},"33":{"start":{"line":86,"column":4},"end":{"line":86,"column":52}},"34":{"start":{"line":86,"column":19},"end":{"line":86,"column":52}},"35":{"start":{"line":87,"column":4},"end":{"line":87,"column":20}},"36":{"start":{"line":89,"column":4},"end":{"line":89,"column":63}},"37":{"start":{"line":90,"column":4},"end":{"line":90,"column":16}},"38":{"start":{"line":33,"column":13},"end":{"line":33,"column":30}},"39":{"start":{"line":94,"column":31},"end":{"line":98,"column":1}},"40":{"start":{"line":95,"column":2},"end":{"line":97,"column":5}},"41":{"start":{"line":94,"column":13},"end":{"line":94,"column":31}},"42":{"start":{"line":100,"column":37},"end":{"line":115,"column":1}},"43":{"start":{"line":101,"column":2},"end":{"line":114,"column":5}},"44":{"start":{"line":100,"column":13},"end":{"line":100,"column":37}},"45":{"start":{"line":118,"column":31},"end":{"line":152,"column":1}},"46":{"start":{"line":119,"column":2},"end":{"line":151,"column":5}},"47":{"start":{"line":118,"column":13},"end":{"line":118,"column":31}},"48":{"start":{"line":160,"column":38},"end":{"line":295,"column":1}},"49":{"start":{"line":161,"column":4},"end":{"line":294,"column":5}},"50":{"start":{"line":162,"column":8},"end":{"line":162,"column":92}},"51":{"start":{"line":164,"column":25},"end":{"line":192,"column":10}},"52":{"start":{"line":194,"column":8},"end":{"line":199,"column":9}},"53":{"start":{"line":195,"column":12},"end":{"line":195,"column":93}},"54":{"start":{"line":196,"column":26},"end":{"line":196,"column":57}},"55":{"start":{"line":197,"column":13},"end":{"line":197,"column":42}},"56":{"start":{"line":198,"column":12},"end":{"line":198,"column":24}},"57":{"start":{"line":201,"column":8},"end":{"line":209,"column":11}},"58":{"start":{"line":212,"column":23},"end":{"line":282,"column":10}},"59":{"start":{"line":214,"column":12},"end":{"line":225,"column":13}},"60":{"start":{"line":215,"column":16},"end":{"line":217,"column":17}},"61":{"start":{"line":216,"column":20},"end":{"line":216,"column":83}},"62":{"start":{"line":218,"column":16},"end":{"line":220,"column":17}},"63":{"start":{"line":219,"column":20},"end":{"line":219,"column":77}},"64":{"start":{"line":222,"column":16},"end":{"line":222,"column":81}},"65":{"start":{"line":224,"column":16},"end":{"line":224,"column":72}},"66":{"start":{"line":228,"column":12},"end":{"line":263,"column":13}},"67":{"start":{"line":230,"column":40},"end":{"line":232,"column":18}},"68":{"start":{"line":234,"column":16},"end":{"line":252,"column":17}},"69":{"start":{"line":235,"column":20},"end":{"line":251,"column":21}},"70":{"start":{"line":237,"column":41},"end":{"line":240,"column":26}},"71":{"start":{"line":242,"column":24},"end":{"line":250,"column":25}},"72":{"start":{"line":243,"column":28},"end":{"line":245,"column":29}},"73":{"start":{"line":244,"column":32},"end":{"line":244,"column":96}},"74":{"start":{"line":246,"column":28},"end":{"line":248,"column":29}},"75":{"start":{"line":247,"column":32},"end":{"line":247,"column":90}},"76":{"start":{"line":249,"column":28},"end":{"line":249,"column":85}},"77":{"start":{"line":255,"column":16},"end":{"line":255,"column":78}},"78":{"start":{"line":258,"column":16},"end":{"line":262,"column":17}},"79":{"start":{"line":259,"column":20},"end":{"line":261,"column":23}},"80":{"start":{"line":266,"column":12},"end":{"line":270,"column":13}},"81":{"start":{"line":267,"column":16},"end":{"line":269,"column":19}},"82":{"start":{"line":273,"column":12},"end":{"line":273,"column":70}},"83":{"start":{"line":276,"column":12},"end":{"line":276,"column":56}},"84":{"start":{"line":278,"column":12},"end":{"line":278,"column":79}},"85":{"start":{"line":279,"column":12},"end":{"line":279,"column":75}},"86":{"start":{"line":281,"column":12},"end":{"line":281,"column":60}},"87":{"start":{"line":284,"column":8},"end":{"line":284,"column":110}},"88":{"start":{"line":285,"column":8},"end":{"line":285,"column":22}},"89":{"start":{"line":287,"column":8},"end":{"line":292,"column":11}},"90":{"start":{"line":293,"column":8},"end":{"line":293,"column":20}},"91":{"start":{"line":160,"column":13},"end":{"line":160,"column":38}},"92":{"start":{"line":298,"column":19},"end":{"line":298,"column":52}},"93":{"start":{"line":299,"column":2},"end":{"line":299,"column":42}}},"fnMap":{"0":{"name":"(anonymous_1)","decl":{"start":{"line":5,"column":30},"end":{"line":5,"column":35}},"loc":{"start":{"line":5,"column":68},"end":{"line":31,"column":1}}},"1":{"name":"(anonymous_2)","decl":{"start":{"line":8,"column":35},"end":{"line":8,"column":40}},"loc":{"start":{"line":8,"column":48},"end":{"line":30,"column":3}}},"2":{"name":"(anonymous_3)","decl":{"start":{"line":33,"column":30},"end":{"line":33,"column":35}},"loc":{"start":{"line":33,"column":80},"end":{"line":92,"column":1}}},"3":{"name":"(anonymous_4)","decl":{"start":{"line":62,"column":44},"end":{"line":62,"column":45}},"loc":{"start":{"line":62,"column":49},"end":{"line":62,"column":79}}},"4":{"name":"(anonymous_5)","decl":{"start":{"line":74,"column":33},"end":{"line":74,"column":43}},"loc":{"start":{"line":74,"column":48},"end":{"line":78,"column":12}}},"5":{"name":"(anonymous_6)","decl":{"start":{"line":94,"column":31},"end":{"line":94,"column":36}},"loc":{"start":{"line":94,"column":42},"end":{"line":98,"column":1}}},"6":{"name":"(anonymous_7)","decl":{"start":{"line":100,"column":37},"end":{"line":100,"column":42}},"loc":{"start":{"line":100,"column":48},"end":{"line":115,"column":1}}},"7":{"name":"(anonymous_8)","decl":{"start":{"line":118,"column":31},"end":{"line":118,"column":36}},"loc":{"start":{"line":118,"column":51},"end":{"line":152,"column":1}}},"8":{"name":"(anonymous_9)","decl":{"start":{"line":160,"column":38},"end":{"line":160,"column":43}},"loc":{"start":{"line":160,"column":59},"end":{"line":295,"column":1}}},"9":{"name":"(anonymous_10)","decl":{"start":{"line":212,"column":49},"end":{"line":212,"column":54}},"loc":{"start":{"line":212,"column":62},"end":{"line":282,"column":9}}},"10":{"name":"esDuenioDeComplejo","decl":{"start":{"line":297,"column":22},"end":{"line":297,"column":40}},"loc":{"start":{"line":297,"column":78},"end":{"line":300,"column":1}}}},"branchMap":{"0":{"loc":{"start":{"line":51,"column":4},"end":{"line":84,"column":5}},"type":"if","locations":[{"start":{"line":51,"column":4},"end":{"line":84,"column":5}},{"start":{},"end":{}}]},"1":{"loc":{"start":{"line":57,"column":6},"end":{"line":59,"column":7}},"type":"if","locations":[{"start":{"line":57,"column":6},"end":{"line":59,"column":7}},{"start":{},"end":{}}]},"2":{"loc":{"start":{"line":62,"column":49},"end":{"line":62,"column":79}},"type":"binary-expr","locations":[{"start":{"line":62,"column":49},"end":{"line":62,"column":70}},{"start":{"line":62,"column":74},"end":{"line":62,"column":79}}]},"3":{"loc":{"start":{"line":72,"column":6},"end":{"line":81,"column":7}},"type":"if","locations":[{"start":{"line":72,"column":6},"end":{"line":81,"column":7}},{"start":{},"end":{}}]},"4":{"loc":{"start":{"line":86,"column":4},"end":{"line":86,"column":52}},"type":"if","locations":[{"start":{"line":86,"column":4},"end":{"line":86,"column":52}},{"start":{},"end":{}}]},"5":{"loc":{"start":{"line":194,"column":8},"end":{"line":199,"column":9}},"type":"if","locations":[{"start":{"line":194,"column":8},"end":{"line":199,"column":9}},{"start":{},"end":{}}]},"6":{"loc":{"start":{"line":215,"column":16},"end":{"line":217,"column":17}},"type":"if","locations":[{"start":{"line":215,"column":16},"end":{"line":217,"column":17}},{"start":{},"end":{}}]},"7":{"loc":{"start":{"line":218,"column":16},"end":{"line":220,"column":17}},"type":"if","locations":[{"start":{"line":218,"column":16},"end":{"line":220,"column":17}},{"start":{},"end":{}}]},"8":{"loc":{"start":{"line":235,"column":20},"end":{"line":251,"column":21}},"type":"if","locations":[{"start":{"line":235,"column":20},"end":{"line":251,"column":21}},{"start":{},"end":{}}]},"9":{"loc":{"start":{"line":242,"column":24},"end":{"line":250,"column":25}},"type":"if","locations":[{"start":{"line":242,"column":24},"end":{"line":250,"column":25}},{"start":{},"end":{}}]},"10":{"loc":{"start":{"line":243,"column":28},"end":{"line":245,"column":29}},"type":"if","locations":[{"start":{"line":243,"column":28},"end":{"line":245,"column":29}},{"start":{},"end":{}}]},"11":{"loc":{"start":{"line":246,"column":28},"end":{"line":248,"column":29}},"type":"if","locations":[{"start":{"line":246,"column":28},"end":{"line":248,"column":29}},{"start":{},"end":{}}]},"12":{"loc":{"start":{"line":258,"column":16},"end":{"line":262,"column":17}},"type":"if","locations":[{"start":{"line":258,"column":16},"end":{"line":262,"column":17}},{"start":{},"end":{}}]},"13":{"loc":{"start":{"line":258,"column":20},"end":{"line":258,"column":69}},"type":"binary-expr","locations":[{"start":{"line":258,"column":20},"end":{"line":258,"column":37}},{"start":{"line":258,"column":41},"end":{"line":258,"column":69}}]},"14":{"loc":{"start":{"line":266,"column":12},"end":{"line":270,"column":13}},"type":"if","locations":[{"start":{"line":266,"column":12},"end":{"line":270,"column":13}},{"start":{},"end":{}}]}},"s":{"0":1,"1":1,"2":1,"3":0,"4":0,"5":0,"6":0,"7":0,"8":1,"9":1,"10":0,"11":0,"12":0,"13":0,"14":0,"15":0,"16":0,"17":0,"18":0,"19":0,"20":0,"21":0,"22":0,"23":0,"24":0,"25":0,"26":0,"27":0,"28":0,"29":0,"30":0,"31":0,"32":0,"33":0,"34":0,"35":0,"36":0,"37":0,"38":1,"39":1,"40":0,"41":1,"42":1,"43":0,"44":1,"45":1,"46":2,"47":1,"48":1,"49":0,"50":0,"51":0,"52":0,"53":0,"54":0,"55":0,"56":0,"57":0,"58":0,"59":0,"60":0,"61":0,"62":0,"63":0,"64":0,"65":0,"66":0,"67":0,"68":0,"69":0,"70":0,"71":0,"72":0,"73":0,"74":0,"75":0,"76":0,"77":0,"78":0,"79":0,"80":0,"81":0,"82":0,"83":0,"84":0,"85":0,"86":0,"87":0,"88":0,"89":0,"90":0,"91":1,"92":0,"93":0},"f":{"0":0,"1":0,"2":0,"3":0,"4":0,"5":0,"6":0,"7":2,"8":0,"9":0,"10":0},"b":{"0":[0,0],"1":[0,0],"2":[0,0],"3":[0,0],"4":[0,0],"5":[0,0],"6":[0,0],"7":[0,0],"8":[0,0],"9":[0,0],"10":[0,0],"11":[0,0],"12":[0,0],"13":[0,0],"14":[0,0]}}
}
