TN:
SF:src\services\complejo.service.ts
FN:5,(anonymous_1)
FN:8,(anonymous_2)
FN:33,(anonymous_3)
FN:62,(anonymous_4)
FN:74,(anonymous_5)
FN:94,(anonymous_6)
FN:100,(anonymous_7)
FN:118,(anonymous_8)
FN:160,(anonymous_9)
FN:212,(anonymous_10)
FN:297,esDuenioDeComplejo
FNF:11
FNH:1
FNDA:0,(anonymous_1)
FNDA:0,(anonymous_2)
FNDA:0,(anonymous_3)
FNDA:0,(anonymous_4)
FNDA:0,(anonymous_5)
FNDA:0,(anonymous_6)
FNDA:0,(anonymous_7)
FNDA:2,(anonymous_8)
FNDA:0,(anonymous_9)
FNDA:0,(anonymous_10)
FNDA:0,esDuenioDeComplejo
DA:1,1
DA:5,1
DA:6,0
DA:8,0
DA:10,0
DA:19,0
DA:29,0
DA:33,1
DA:34,0
DA:35,0
DA:36,0
DA:38,0
DA:40,0
DA:43,0
DA:48,0
DA:51,0
DA:52,0
DA:53,0
DA:54,0
DA:57,0
DA:58,0
DA:62,0
DA:63,0
DA:66,0
DA:69,0
DA:72,0
DA:73,0
DA:74,0
DA:80,0
DA:83,0
DA:86,0
DA:87,0
DA:89,0
DA:90,0
DA:94,1
DA:95,0
DA:100,1
DA:101,0
DA:118,1
DA:119,2
DA:160,1
DA:161,0
DA:162,0
DA:164,0
DA:194,0
DA:195,0
DA:196,0
DA:197,0
DA:198,0
DA:201,0
DA:212,0
DA:214,0
DA:215,0
DA:216,0
DA:218,0
DA:219,0
DA:222,0
DA:224,0
DA:228,0
DA:230,0
DA:234,0
DA:235,0
DA:237,0
DA:242,0
DA:243,0
DA:244,0
DA:246,0
DA:247,0
DA:249,0
DA:255,0
DA:258,0
DA:259,0
DA:266,0
DA:267,0
DA:273,0
DA:276,0
DA:278,0
DA:279,0
DA:281,0
DA:284,0
DA:285,0
DA:287,0
DA:293,0
DA:297,1
DA:298,0
DA:299,0
LF:86
LH:9
BRDA:51,0,0,0
BRDA:51,0,1,0
BRDA:57,1,0,0
BRDA:57,1,1,0
BRDA:62,2,0,0
BRDA:62,2,1,0
BRDA:72,3,0,0
BRDA:72,3,1,0
BRDA:86,4,0,0
BRDA:86,4,1,0
BRDA:194,5,0,0
BRDA:194,5,1,0
BRDA:215,6,0,0
BRDA:215,6,1,0
BRDA:218,7,0,0
BRDA:218,7,1,0
BRDA:235,8,0,0
BRDA:235,8,1,0
BRDA:242,9,0,0
BRDA:242,9,1,0
BRDA:243,10,0,0
BRDA:243,10,1,0
BRDA:246,11,0,0
BRDA:246,11,1,0
BRDA:258,12,0,0
BRDA:258,12,1,0
BRDA:258,13,0,0
BRDA:258,13,1,0
BRDA:266,14,0,0
BRDA:266,14,1,0
BRF:30
BRH:0
end_of_record
